(0000) 3000  0011000000000000 (   1)                 .ORIG x3000
(3000) 2C24  0010110000100100 (   3)                 LD    R6 STACK
(3001) 2A24  0010101000100100 (   6)                 LD    R5 A
(3002) BA24  1011101000100100 (   7)                 STI   R5 B
(3003) 2224  0010001000100100 (  10)                 LD    R1 IE
(3004) B2EC  1011001011101100 (  11)                 STI   R1 KBSR
(3005) 5B60  0101101101100000 (  14)                 AND   R5 R5 #0
(3006) E422  1110010000100010 (  17) OUT11           LEA   R2 O11
(3007) 4812  0100100000010010 (  18)                 JSR   OUTPUT
(3008) 1B60  0001101101100000 (  19)                 ADD   R5 R5 #0
(3009) 0401  0000010000000001 (  20)                 BRZ   OUT12
(300A) 0205  0000001000000101 (  21)                 BRP   OUT21
(300B) E44F  1110010001001111 (  22) OUT12           LEA   R2 O12
(300C) 480D  0100100000001101 (  23)                 JSR   OUTPUT
(300D) 1B60  0001101101100000 (  24)                 ADD   R5 R5 #0
(300E) 05F7  0000010111110111 (  25)                 BRZ   OUT11
(300F) 0200  0000001000000000 (  26)                 BRP   OUT21
(3010) E478  1110010001111000 (  27) OUT21           LEA   R2 O21
(3011) 4808  0100100000001000 (  28)                 JSR   OUTPUT
(3012) 1B60  0001101101100000 (  29)                 ADD   R5 R5 #0
(3013) 05F2  0000010111110010 (  30)                 BRZ   OUT11
(3014) 0200  0000001000000000 (  31)                 BRP   OUT22
(3015) E4A4  1110010010100100 (  32) OUT22           LEA   R2 O22
(3016) 4803  0100100000000011 (  33)                 JSR   OUTPUT
(3017) 1B60  0001101101100000 (  34)                 ADD   R5 R5 #0
(3018) 05ED  0000010111101101 (  35)                 BRZ   OUT11
(3019) 03F6  0000001111110110 (  36)                 BRP   OUT21
(301A) 6080  0110000010000000 (  39) OUTPUT          LDR   R0 R2 #0
(301B) 0405  0000010000000101 (  40)                 BRZ   DELAY
(301C) A6D2  1010011011010010 (  41) LOOP            LDI   R3 DSR
(301D) 07FE  0000011111111110 (  42)                 BRZP  LOOP
(301E) B0D1  1011000011010001 (  43)                 STI   R0 DDR
(301F) 14A1  0001010010100001 (  44)                 ADD   R2 R2 #1
(3020) 0FF9  0000111111111001 (  45)                 BRNZP OUTPUT
(3021) 28D1  0010100011010001 (  46) DELAY           LD    R4 COUNT1
(3022) 193F  0001100100111111 (  47) REP             ADD   R4 R4 #-1
(3023) 03FE  0000001111111110 (  48)                 BRP   REP
(3024) C1C0  1100000111000000 (  49)                 RET   
(3025) 3000  0011000000000000 (  52) STACK           .FILL x3000
(3026) 2000  0010000000000000 (  53) A               .FILL x2000
(3027) 0180  0000000110000000 (  54) B               .FILL x0180
(3028) 4000  0100000000000000 (  55) IE              .FILL x4000
(3029) 002A  0000000000101010 (  57) O11             .FILL x002A
(302A) 002A  0000000000101010 (  57)                 .FILL x002A
(302B) 0020  0000000000100000 (  57)                 .FILL x0020
(302C) 0020  0000000000100000 (  57)                 .FILL x0020
(302D) 0020  0000000000100000 (  57)                 .FILL x0020
(302E) 0020  0000000000100000 (  57)                 .FILL x0020
(302F) 002A  0000000000101010 (  57)                 .FILL x002A
(3030) 002A  0000000000101010 (  57)                 .FILL x002A
(3031) 0020  0000000000100000 (  57)                 .FILL x0020
(3032) 0020  0000000000100000 (  57)                 .FILL x0020
(3033) 0020  0000000000100000 (  57)                 .FILL x0020
(3034) 0020  0000000000100000 (  57)                 .FILL x0020
(3035) 002A  0000000000101010 (  57)                 .FILL x002A
(3036) 002A  0000000000101010 (  57)                 .FILL x002A
(3037) 0020  0000000000100000 (  57)                 .FILL x0020
(3038) 0020  0000000000100000 (  57)                 .FILL x0020
(3039) 0020  0000000000100000 (  57)                 .FILL x0020
(303A) 0020  0000000000100000 (  57)                 .FILL x0020
(303B) 002A  0000000000101010 (  57)                 .FILL x002A
(303C) 002A  0000000000101010 (  57)                 .FILL x002A
(303D) 0020  0000000000100000 (  57)                 .FILL x0020
(303E) 0020  0000000000100000 (  57)                 .FILL x0020
(303F) 0020  0000000000100000 (  57)                 .FILL x0020
(3040) 0020  0000000000100000 (  57)                 .FILL x0020
(3041) 002A  0000000000101010 (  57)                 .FILL x002A
(3042) 002A  0000000000101010 (  57)                 .FILL x002A
(3043) 0020  0000000000100000 (  57)                 .FILL x0020
(3044) 0020  0000000000100000 (  57)                 .FILL x0020
(3045) 0020  0000000000100000 (  57)                 .FILL x0020
(3046) 0020  0000000000100000 (  57)                 .FILL x0020
(3047) 002A  0000000000101010 (  57)                 .FILL x002A
(3048) 002A  0000000000101010 (  57)                 .FILL x002A
(3049) 0020  0000000000100000 (  57)                 .FILL x0020
(304A) 0020  0000000000100000 (  57)                 .FILL x0020
(304B) 0020  0000000000100000 (  57)                 .FILL x0020
(304C) 0020  0000000000100000 (  57)                 .FILL x0020
(304D) 002A  0000000000101010 (  57)                 .FILL x002A
(304E) 002A  0000000000101010 (  57)                 .FILL x002A
(304F) 0020  0000000000100000 (  57)                 .FILL x0020
(3050) 0020  0000000000100000 (  57)                 .FILL x0020
(3051) 0020  0000000000100000 (  57)                 .FILL x0020
(3052) 0020  0000000000100000 (  57)                 .FILL x0020
(3053) 002A  0000000000101010 (  57)                 .FILL x002A
(3054) 002A  0000000000101010 (  57)                 .FILL x002A
(3055) 0020  0000000000100000 (  57)                 .FILL x0020
(3056) 0020  0000000000100000 (  57)                 .FILL x0020
(3057) 0020  0000000000100000 (  57)                 .FILL x0020
(3058) 0020  0000000000100000 (  57)                 .FILL x0020
(3059) 000A  0000000000001010 (  57)                 .FILL x000A
(305A) 0000  0000000000000000 (  57)                 .FILL x0000
(305B) 0020  0000000000100000 (  58) O12             .FILL x0020
(305C) 0020  0000000000100000 (  58)                 .FILL x0020
(305D) 0020  0000000000100000 (  58)                 .FILL x0020
(305E) 002A  0000000000101010 (  58)                 .FILL x002A
(305F) 002A  0000000000101010 (  58)                 .FILL x002A
(3060) 0020  0000000000100000 (  58)                 .FILL x0020
(3061) 0020  0000000000100000 (  58)                 .FILL x0020
(3062) 0020  0000000000100000 (  58)                 .FILL x0020
(3063) 0020  0000000000100000 (  58)                 .FILL x0020
(3064) 002A  0000000000101010 (  58)                 .FILL x002A
(3065) 002A  0000000000101010 (  58)                 .FILL x002A
(3066) 0020  0000000000100000 (  58)                 .FILL x0020
(3067) 0020  0000000000100000 (  58)                 .FILL x0020
(3068) 0020  0000000000100000 (  58)                 .FILL x0020
(3069) 002A  0000000000101010 (  58)                 .FILL x002A
(306A) 002A  0000000000101010 (  58)                 .FILL x002A
(306B) 0020  0000000000100000 (  58)                 .FILL x0020
(306C) 0020  0000000000100000 (  58)                 .FILL x0020
(306D) 0020  0000000000100000 (  58)                 .FILL x0020
(306E) 0020  0000000000100000 (  58)                 .FILL x0020
(306F) 002A  0000000000101010 (  58)                 .FILL x002A
(3070) 002A  0000000000101010 (  58)                 .FILL x002A
(3071) 0020  0000000000100000 (  58)                 .FILL x0020
(3072) 0020  0000000000100000 (  58)                 .FILL x0020
(3073) 0020  0000000000100000 (  58)                 .FILL x0020
(3074) 0020  0000000000100000 (  58)                 .FILL x0020
(3075) 002A  0000000000101010 (  58)                 .FILL x002A
(3076) 002A  0000000000101010 (  58)                 .FILL x002A
(3077) 0020  0000000000100000 (  58)                 .FILL x0020
(3078) 0020  0000000000100000 (  58)                 .FILL x0020
(3079) 0020  0000000000100000 (  58)                 .FILL x0020
(307A) 0020  0000000000100000 (  58)                 .FILL x0020
(307B) 002A  0000000000101010 (  58)                 .FILL x002A
(307C) 002A  0000000000101010 (  58)                 .FILL x002A
(307D) 0020  0000000000100000 (  58)                 .FILL x0020
(307E) 0020  0000000000100000 (  58)                 .FILL x0020
(307F) 0020  0000000000100000 (  58)                 .FILL x0020
(3080) 0020  0000000000100000 (  58)                 .FILL x0020
(3081) 002A  0000000000101010 (  58)                 .FILL x002A
(3082) 002A  0000000000101010 (  58)                 .FILL x002A
(3083) 0020  0000000000100000 (  58)                 .FILL x0020
(3084) 0020  0000000000100000 (  58)                 .FILL x0020
(3085) 0020  0000000000100000 (  58)                 .FILL x0020
(3086) 0020  0000000000100000 (  58)                 .FILL x0020
(3087) 000A  0000000000001010 (  58)                 .FILL x000A
(3088) 0000  0000000000000000 (  58)                 .FILL x0000
(3089) 0023  0000000000100011 (  59) O21             .FILL x0023
(308A) 0023  0000000000100011 (  59)                 .FILL x0023
(308B) 0020  0000000000100000 (  59)                 .FILL x0020
(308C) 0020  0000000000100000 (  59)                 .FILL x0020
(308D) 0020  0000000000100000 (  59)                 .FILL x0020
(308E) 0020  0000000000100000 (  59)                 .FILL x0020
(308F) 0023  0000000000100011 (  59)                 .FILL x0023
(3090) 0023  0000000000100011 (  59)                 .FILL x0023
(3091) 0020  0000000000100000 (  59)                 .FILL x0020
(3092) 0020  0000000000100000 (  59)                 .FILL x0020
(3093) 0020  0000000000100000 (  59)                 .FILL x0020
(3094) 0020  0000000000100000 (  59)                 .FILL x0020
(3095) 0023  0000000000100011 (  59)                 .FILL x0023
(3096) 0023  0000000000100011 (  59)                 .FILL x0023
(3097) 0020  0000000000100000 (  59)                 .FILL x0020
(3098) 0020  0000000000100000 (  59)                 .FILL x0020
(3099) 0020  0000000000100000 (  59)                 .FILL x0020
(309A) 0020  0000000000100000 (  59)                 .FILL x0020
(309B) 0023  0000000000100011 (  59)                 .FILL x0023
(309C) 0023  0000000000100011 (  59)                 .FILL x0023
(309D) 0020  0000000000100000 (  59)                 .FILL x0020
(309E) 0020  0000000000100000 (  59)                 .FILL x0020
(309F) 0020  0000000000100000 (  59)                 .FILL x0020
(30A0) 0020  0000000000100000 (  59)                 .FILL x0020
(30A1) 0023  0000000000100011 (  59)                 .FILL x0023
(30A2) 0023  0000000000100011 (  59)                 .FILL x0023
(30A3) 0020  0000000000100000 (  59)                 .FILL x0020
(30A4) 0020  0000000000100000 (  59)                 .FILL x0020
(30A5) 0020  0000000000100000 (  59)                 .FILL x0020
(30A6) 0020  0000000000100000 (  59)                 .FILL x0020
(30A7) 0023  0000000000100011 (  59)                 .FILL x0023
(30A8) 0023  0000000000100011 (  59)                 .FILL x0023
(30A9) 0020  0000000000100000 (  59)                 .FILL x0020
(30AA) 0020  0000000000100000 (  59)                 .FILL x0020
(30AB) 0020  0000000000100000 (  59)                 .FILL x0020
(30AC) 0020  0000000000100000 (  59)                 .FILL x0020
(30AD) 0023  0000000000100011 (  59)                 .FILL x0023
(30AE) 0023  0000000000100011 (  59)                 .FILL x0023
(30AF) 0020  0000000000100000 (  59)                 .FILL x0020
(30B0) 0020  0000000000100000 (  59)                 .FILL x0020
(30B1) 0020  0000000000100000 (  59)                 .FILL x0020
(30B2) 0020  0000000000100000 (  59)                 .FILL x0020
(30B3) 0023  0000000000100011 (  59)                 .FILL x0023
(30B4) 0023  0000000000100011 (  59)                 .FILL x0023
(30B5) 0020  0000000000100000 (  59)                 .FILL x0020
(30B6) 0020  0000000000100000 (  59)                 .FILL x0020
(30B7) 0020  0000000000100000 (  59)                 .FILL x0020
(30B8) 000A  0000000000001010 (  59)                 .FILL x000A
(30B9) 0000  0000000000000000 (  59)                 .FILL x0000
(30BA) 0020  0000000000100000 (  60) O22             .FILL x0020
(30BB) 0020  0000000000100000 (  60)                 .FILL x0020
(30BC) 0020  0000000000100000 (  60)                 .FILL x0020
(30BD) 0020  0000000000100000 (  60)                 .FILL x0020
(30BE) 0023  0000000000100011 (  60)                 .FILL x0023
(30BF) 0023  0000000000100011 (  60)                 .FILL x0023
(30C0) 0020  0000000000100000 (  60)                 .FILL x0020
(30C1) 0020  0000000000100000 (  60)                 .FILL x0020
(30C2) 0020  0000000000100000 (  60)                 .FILL x0020
(30C3) 0020  0000000000100000 (  60)                 .FILL x0020
(30C4) 0023  0000000000100011 (  60)                 .FILL x0023
(30C5) 0023  0000000000100011 (  60)                 .FILL x0023
(30C6) 0020  0000000000100000 (  60)                 .FILL x0020
(30C7) 0020  0000000000100000 (  60)                 .FILL x0020
(30C8) 0020  0000000000100000 (  60)                 .FILL x0020
(30C9) 0020  0000000000100000 (  60)                 .FILL x0020
(30CA) 0023  0000000000100011 (  60)                 .FILL x0023
(30CB) 0023  0000000000100011 (  60)                 .FILL x0023
(30CC) 0020  0000000000100000 (  60)                 .FILL x0020
(30CD) 0020  0000000000100000 (  60)                 .FILL x0020
(30CE) 0020  0000000000100000 (  60)                 .FILL x0020
(30CF) 0020  0000000000100000 (  60)                 .FILL x0020
(30D0) 0023  0000000000100011 (  60)                 .FILL x0023
(30D1) 0023  0000000000100011 (  60)                 .FILL x0023
(30D2) 0020  0000000000100000 (  60)                 .FILL x0020
(30D3) 0020  0000000000100000 (  60)                 .FILL x0020
(30D4) 0020  0000000000100000 (  60)                 .FILL x0020
(30D5) 0020  0000000000100000 (  60)                 .FILL x0020
(30D6) 0023  0000000000100011 (  60)                 .FILL x0023
(30D7) 0023  0000000000100011 (  60)                 .FILL x0023
(30D8) 0020  0000000000100000 (  60)                 .FILL x0020
(30D9) 0020  0000000000100000 (  60)                 .FILL x0020
(30DA) 0020  0000000000100000 (  60)                 .FILL x0020
(30DB) 0020  0000000000100000 (  60)                 .FILL x0020
(30DC) 0023  0000000000100011 (  60)                 .FILL x0023
(30DD) 0023  0000000000100011 (  60)                 .FILL x0023
(30DE) 0020  0000000000100000 (  60)                 .FILL x0020
(30DF) 0020  0000000000100000 (  60)                 .FILL x0020
(30E0) 0020  0000000000100000 (  60)                 .FILL x0020
(30E1) 0020  0000000000100000 (  60)                 .FILL x0020
(30E2) 0023  0000000000100011 (  60)                 .FILL x0023
(30E3) 0023  0000000000100011 (  60)                 .FILL x0023
(30E4) 0020  0000000000100000 (  60)                 .FILL x0020
(30E5) 0020  0000000000100000 (  60)                 .FILL x0020
(30E6) 0020  0000000000100000 (  60)                 .FILL x0020
(30E7) 0020  0000000000100000 (  60)                 .FILL x0020
(30E8) 0023  0000000000100011 (  60)                 .FILL x0023
(30E9) 0023  0000000000100011 (  60)                 .FILL x0023
(30EA) 0020  0000000000100000 (  60)                 .FILL x0020
(30EB) 0020  0000000000100000 (  60)                 .FILL x0020
(30EC) 0020  0000000000100000 (  60)                 .FILL x0020
(30ED) 000A  0000000000001010 (  60)                 .FILL x000A
(30EE) 0000  0000000000000000 (  60)                 .FILL x0000
(30EF) FE04  1111111000000100 (  62) DSR             .FILL xFE04
(30F0) FE06  1111111000000110 (  63) DDR             .FILL xFE06
(30F1) FE00  1111111000000000 (  64) KBSR            .FILL xFE00
(30F2) FE02  1111111000000010 (  65) KBDR            .FILL xFE02
(30F3) 7FFF  0111111111111111 (  67) COUNT1          .FILL x7FFF
