(0000) 3000  0011000000000000 (   1)                 .ORIG x3000
(3000) E283  1110001010000011 (   2)                 LEA   R1 NAME
(3001) 5DA0  0101110110100000 (   3)                 AND   R6 R6 #0
(3002) E05A  1110000001011010 (   5)                 LEA   R0 PROMPT
(3003) F022  1111000000100010 (   6)                 TRAP  x22
(3004) 247E  0010010001111110 (   9)                 LD    R2 NEGENTER
(3005) F020  1111000000100000 (  10) AGAIN           TRAP  x20
(3006) F021  1111000000100001 (  11)                 TRAP  x21
(3007) 903F  1001000000111111 (  12)                 NOT   R0 R0
(3008) 1021  0001000000100001 (  13)                 ADD   R0 R0 #1
(3009) 7040  0111000001000000 (  14)                 STR   R0 R1 #0
(300A) 1261  0001001001100001 (  15)                 ADD   R1 R1 #1
(300B) 1602  0001011000000010 (  16)                 ADD   R3 R0 R2
(300C) 0401  0000010000000001 (  17)                 BRZ   SEARCH
(300D) 0BF7  0000101111110111 (  18)                 BRNP  AGAIN
(300E) 2485  0010010010000101 (  21) SEARCH          LD    R2 HEADN
(300F) E274  1110001001110100 (  22) SEARCHF         LEA   R1 NAME
(3010) 16A2  0001011010100010 (  23)                 ADD   R3 R2 #2
(3011) 68C0  0110100011000000 (  24)                 LDR   R4 R3 #0
(3012) 5B60  0101101101100000 (  25) CHECKF          AND   R5 R5 #0
(3013) 6B00  0110101100000000 (  26)                 LDR   R5 R4 #0
(3014) 0406  0000010000000110 (  27)                 BRZ   OUTPUTF
(3015) 6040  0110000001000000 (  28)                 LDR   R0 R1 #0
(3016) 1A05  0001101000000101 (  29)                 ADD   R5 R0 R5
(3017) 0A1A  0000101000011010 (  30)                 BRNP  SEARCH2
(3018) 1921  0001100100100001 (  31)                 ADD   R4 R4 #1
(3019) 1261  0001001001100001 (  32)                 ADD   R1 R1 #1
(301A) 0FF7  0000111111110111 (  33)                 BRNZP CHECKF
(301B) 6040  0110000001000000 (  34) OUTPUTF         LDR   R0 R1 #0
(301C) 102A  0001000000101010 (  35)                 ADD   R0 R0 #10
(301D) 0A14  0000101000010100 (  36)                 BRNP  SEARCH2
(301E) 1DA1  0001110110100001 (  37)                 ADD   R6 R6 #1
(301F) 6883  0110100010000011 (  38)                 LDR   R4 R2 #3
(3020) 5020  0101000000100000 (  39)                 AND   R0 R0 #0
(3021) 1004  0001000000000100 (  40)                 ADD   R0 R0 R4
(3022) F022  1111000000100010 (  41)                 TRAP  x22
(3023) 2071  0010000001110001 (  42)                 LD    R0 SP
(3024) F021  1111000000100001 (  43)                 TRAP  x21
(3025) 6882  0110100010000010 (  44)                 LDR   R4 R2 #2
(3026) 5020  0101000000100000 (  45)                 AND   R0 R0 #0
(3027) 1004  0001000000000100 (  46)                 ADD   R0 R0 R4
(3028) F022  1111000000100010 (  47)                 TRAP  x22
(3029) 206B  0010000001101011 (  48)                 LD    R0 SP
(302A) F021  1111000000100001 (  49)                 TRAP  x21
(302B) 6881  0110100010000001 (  50)                 LDR   R4 R2 #1
(302C) 5020  0101000000100000 (  51)                 AND   R0 R0 #0
(302D) 1004  0001000000000100 (  52)                 ADD   R0 R0 R4
(302E) F022  1111000000100010 (  53)                 TRAP  x22
(302F) 2066  0010000001100110 (  54)                 LD    R0 CR
(3030) F021  1111000000100001 (  55)                 TRAP  x21
(3031) 0E22  0000111000100010 (  56)                 BRNZP NEXTF
(3032) E251  1110001001010001 (  58) SEARCH2         LEA   R1 NAME
(3033) 16A3  0001011010100011 (  59)                 ADD   R3 R2 #3
(3034) 68C0  0110100011000000 (  60)                 LDR   R4 R3 #0
(3035) 5B60  0101101101100000 (  61) CHECKL          AND   R5 R5 #0
(3036) 6B00  0110101100000000 (  62)                 LDR   R5 R4 #0
(3037) 0406  0000010000000110 (  63)                 BRZ   OUTPUTL
(3038) 6040  0110000001000000 (  64)                 LDR   R0 R1 #0
(3039) 1A05  0001101000000101 (  65)                 ADD   R5 R0 R5
(303A) 0A19  0000101000011001 (  66)                 BRNP  NEXTF
(303B) 1921  0001100100100001 (  67)                 ADD   R4 R4 #1
(303C) 1261  0001001001100001 (  68)                 ADD   R1 R1 #1
(303D) 0FF7  0000111111110111 (  69)                 BRNZP CHECKL
(303E) 6040  0110000001000000 (  70) OUTPUTL         LDR   R0 R1 #0
(303F) 102A  0001000000101010 (  71)                 ADD   R0 R0 #10
(3040) 0A13  0000101000010011 (  72)                 BRNP  NEXTF
(3041) 1DA1  0001110110100001 (  73)                 ADD   R6 R6 #1
(3042) 6883  0110100010000011 (  74)                 LDR   R4 R2 #3
(3043) 5020  0101000000100000 (  75)                 AND   R0 R0 #0
(3044) 1004  0001000000000100 (  76)                 ADD   R0 R0 R4
(3045) F022  1111000000100010 (  77)                 TRAP  x22
(3046) 204E  0010000001001110 (  78)                 LD    R0 SP
(3047) F021  1111000000100001 (  79)                 TRAP  x21
(3048) 6882  0110100010000010 (  80)                 LDR   R4 R2 #2
(3049) 5020  0101000000100000 (  81)                 AND   R0 R0 #0
(304A) 1004  0001000000000100 (  82)                 ADD   R0 R0 R4
(304B) F022  1111000000100010 (  83)                 TRAP  x22
(304C) 2048  0010000001001000 (  84)                 LD    R0 SP
(304D) F021  1111000000100001 (  85)                 TRAP  x21
(304E) 6881  0110100010000001 (  86)                 LDR   R4 R2 #1
(304F) 5020  0101000000100000 (  87)                 AND   R0 R0 #0
(3050) 1004  0001000000000100 (  88)                 ADD   R0 R0 R4
(3051) F022  1111000000100010 (  89)                 TRAP  x22
(3052) 2043  0010000001000011 (  90)                 LD    R0 CR
(3053) F021  1111000000100001 (  91)                 TRAP  x21
(3054) 6480  0110010010000000 (  93) NEXTF           LDR   R2 R2 #0
(3055) 0401  0000010000000001 (  94)                 BRZ   END
(3056) 0BB8  0000101110111000 (  95)                 BRNP  SEARCHF
(3057) 1DA0  0001110110100000 (  96) END             ADD   R6 R6 #0
(3058) 0401  0000010000000001 (  97)                 BRZ   OUTPUTN
(3059) F025  1111000000100101 (  98)                 TRAP  x25
(305A) E01F  1110000000011111 (  99) OUTPUTN         LEA   R0 NONE
(305B) F022  1111000000100010 ( 100)                 TRAP  x22
(305C) F025  1111000000100101 ( 101)                 TRAP  x25
(305D) 0054  0000000001010100 ( 103) PROMPT          .FILL x0054
(305E) 0079  0000000001111001 ( 103)                 .FILL x0079
(305F) 0070  0000000001110000 ( 103)                 .FILL x0070
(3060) 0065  0000000001100101 ( 103)                 .FILL x0065
(3061) 0020  0000000000100000 ( 103)                 .FILL x0020
(3062) 0061  0000000001100001 ( 103)                 .FILL x0061
(3063) 0020  0000000000100000 ( 103)                 .FILL x0020
(3064) 006E  0000000001101110 ( 103)                 .FILL x006E
(3065) 0061  0000000001100001 ( 103)                 .FILL x0061
(3066) 006D  0000000001101101 ( 103)                 .FILL x006D
(3067) 0065  0000000001100101 ( 103)                 .FILL x0065
(3068) 0020  0000000000100000 ( 103)                 .FILL x0020
(3069) 0061  0000000001100001 ( 103)                 .FILL x0061
(306A) 006E  0000000001101110 ( 103)                 .FILL x006E
(306B) 0064  0000000001100100 ( 103)                 .FILL x0064
(306C) 0020  0000000000100000 ( 103)                 .FILL x0020
(306D) 0070  0000000001110000 ( 103)                 .FILL x0070
(306E) 0072  0000000001110010 ( 103)                 .FILL x0072
(306F) 0065  0000000001100101 ( 103)                 .FILL x0065
(3070) 0073  0000000001110011 ( 103)                 .FILL x0073
(3071) 0073  0000000001110011 ( 103)                 .FILL x0073
(3072) 0020  0000000000100000 ( 103)                 .FILL x0020
(3073) 0045  0000000001000101 ( 103)                 .FILL x0045
(3074) 006E  0000000001101110 ( 103)                 .FILL x006E
(3075) 0074  0000000001110100 ( 103)                 .FILL x0074
(3076) 0065  0000000001100101 ( 103)                 .FILL x0065
(3077) 0072  0000000001110010 ( 103)                 .FILL x0072
(3078) 003A  0000000000111010 ( 103)                 .FILL x003A
(3079) 0000  0000000000000000 ( 103)                 .FILL x0000
(307A) 004E  0000000001001110 ( 104) NONE            .FILL x004E
(307B) 006F  0000000001101111 ( 104)                 .FILL x006F
(307C) 0020  0000000000100000 ( 104)                 .FILL x0020
(307D) 0045  0000000001000101 ( 104)                 .FILL x0045
(307E) 006E  0000000001101110 ( 104)                 .FILL x006E
(307F) 0074  0000000001110100 ( 104)                 .FILL x0074
(3080) 0072  0000000001110010 ( 104)                 .FILL x0072
(3081) 0079  0000000001111001 ( 104)                 .FILL x0079
(3082) 0000  0000000000000000 ( 104)                 .FILL x0000
(3083) 000A  0000000000001010 ( 105) NEGENTER        .FILL x000A
(3084) 0000  0000000000000000 ( 107) NAME            .FILL x0000
(3085) 0000  0000000000000000 ( 107)                 .FILL x0000
(3086) 0000  0000000000000000 ( 107)                 .FILL x0000
(3087) 0000  0000000000000000 ( 107)                 .FILL x0000
(3088) 0000  0000000000000000 ( 107)                 .FILL x0000
(3089) 0000  0000000000000000 ( 107)                 .FILL x0000
(308A) 0000  0000000000000000 ( 107)                 .FILL x0000
(308B) 0000  0000000000000000 ( 107)                 .FILL x0000
(308C) 0000  0000000000000000 ( 107)                 .FILL x0000
(308D) 0000  0000000000000000 ( 107)                 .FILL x0000
(308E) 0000  0000000000000000 ( 107)                 .FILL x0000
(308F) 0000  0000000000000000 ( 107)                 .FILL x0000
(3090) 0000  0000000000000000 ( 107)                 .FILL x0000
(3091) 0000  0000000000000000 ( 107)                 .FILL x0000
(3092) 0000  0000000000000000 ( 107)                 .FILL x0000
(3093) 0000  0000000000000000 ( 107)                 .FILL x0000
(3094) 4000  0100000000000000 ( 107) HEADN           .FILL x4000
(3095) 0020  0000000000100000 ( 108) SP              .FILL x0020
(3096) 000D  0000000000001101 ( 109) CR              .FILL x000D
